This is pdfTeX, Version 3.14159265-2.6-1.40.17 (TeX Live 2016/Debian) (preloaded format=latex)
 restricted \write18 enabled.
entering extended mode
(./output.tex
LaTeX2e <2017/01/01> patch level 3
Babel <3.9r> and hyphenation patterns for 83 language(s) loaded.
(/usr/share/texlive/texmf-dist/tex/latex/base/article.cls
Document Class: article 2014/09/29 v1.4h Standard LaTeX document class
(/usr/share/texlive/texmf-dist/tex/latex/base/size12.clo)) (./output.aux)

LaTeX Font Warning: Command \large invalid in math mode on input line 4.


LaTeX Font Warning: Font shape `OT1/cmr/m/n' in size <> not available
(Font)              size <5> substituted on input line 5.


LaTeX Font Warning: Font shape `OT1/cmr/m/n' in size <0.7> not available
(Font)              size <5> substituted on input line 5.


LaTeX Font Warning: Font shape `OT1/cmr/m/n' in size <0.5> not available
(Font)              size <5> substituted on input line 5.


LaTeX Font Warning: Font shape `OML/cmm/m/it' in size <> not available
(Font)              size <5> substituted on input line 5.


LaTeX Font Warning: Font shape `OML/cmm/m/it' in size <0.7> not available
(Font)              size <5> substituted on input line 5.


LaTeX Font Warning: Font shape `OML/cmm/m/it' in size <0.5> not available
(Font)              size <5> substituted on input line 5.


LaTeX Font Warning: Font shape `OMS/cmsy/m/n' in size <> not available
(Font)              size <5> substituted on input line 5.


LaTeX Font Warning: Font shape `OMS/cmsy/m/n' in size <0.7> not available
(Font)              size <5> substituted on input line 5.


LaTeX Font Warning: Font shape `OMS/cmsy/m/n' in size <0.5> not available
(Font)              size <5> substituted on input line 5.


LaTeX Font Warning: Command \large invalid in math mode on input line 8.


LaTeX Font Warning: Command \large invalid in math mode on input line 14.


LaTeX Font Warning: Command \large invalid in math mode on input line 18.


LaTeX Font Warning: Command \large invalid in math mode on input line 21.


LaTeX Font Warning: Command \large invalid in math mode on input line 25.


LaTeX Font Warning: Command \large invalid in math mode on input line 28.


LaTeX Font Warning: Command \large invalid in math mode on input line 32.

[1] (./output.aux)

LaTeX Font Warning: Size substitutions with differences
(Font)              up to 4.5pt have occurred.

 )
Output written on output.dvi (1 page, 1688 bytes).
Transcript written on output.log.
This is pdfTeX, Version 3.14159265-2.6-1.40.17 (TeX Live 2016/Debian) (preloaded format=latex)
 restricted \write18 enabled.
entering extended mode
(./output.tex
LaTeX2e <2017/01/01> patch level 3
Babel <3.9r> and hyphenation patterns for 83 language(s) loaded.
(/usr/share/texlive/texmf-dist/tex/latex/base/article.cls
Document Class: article 2014/09/29 v1.4h Standard LaTeX document class
(/usr/share/texlive/texmf-dist/tex/latex/base/size12.clo)) (./output.aux)

LaTeX Font Warning: Command \large invalid in math mode on input line 4.


LaTeX Font Warning: Font shape `OT1/cmr/m/n' in size <> not available
(Font)              size <5> substituted on input line 5.


LaTeX Font Warning: Font shape `OT1/cmr/m/n' in size <0.7> not available
(Font)              size <5> substituted on input line 5.


LaTeX Font Warning: Font shape `OT1/cmr/m/n' in size <0.5> not available
(Font)              size <5> substituted on input line 5.


LaTeX Font Warning: Font shape `OML/cmm/m/it' in size <> not available
(Font)              size <5> substituted on input line 5.


LaTeX Font Warning: Font shape `OML/cmm/m/it' in size <0.7> not available
(Font)              size <5> substituted on input line 5.


LaTeX Font Warning: Font shape `OML/cmm/m/it' in size <0.5> not available
(Font)              size <5> substituted on input line 5.


LaTeX Font Warning: Font shape `OMS/cmsy/m/n' in size <> not available
(Font)              size <5> substituted on input line 5.


LaTeX Font Warning: Font shape `OMS/cmsy/m/n' in size <0.7> not available
(Font)              size <5> substituted on input line 5.


LaTeX Font Warning: Font shape `OMS/cmsy/m/n' in size <0.5> not available
(Font)              size <5> substituted on input line 5.


LaTeX Font Warning: Command \large invalid in math mode on input line 11.


LaTeX Font Warning: Command \large invalid in math mode on input line 15.


LaTeX Font Warning: Command \large invalid in math mode on input line 20.


LaTeX Font Warning: Command \large invalid in math mode on input line 24.


LaTeX Font Warning: Command \large invalid in math mode on input line 27.


LaTeX Font Warning: Command \large invalid in math mode on input line 31.


LaTeX Font Warning: Command \large invalid in math mode on input line 34.


LaTeX Font Warning: Command \large invalid in math mode on input line 38.

[1] (./output.aux)

LaTeX Font Warning: Size substitutions with differences
(Font)              up to 4.5pt have occurred.

 )
Output written on output.dvi (1 page, 1384 bytes).
Transcript written on output.log.
This is pdfTeX, Version 3.14159265-2.6-1.40.17 (TeX Live 2016/Debian) (preloaded format=latex)
 restricted \write18 enabled.
entering extended mode
(./output.tex
LaTeX2e <2017/01/01> patch level 3
Babel <3.9r> and hyphenation patterns for 83 language(s) loaded.
(/usr/share/texlive/texmf-dist/tex/latex/base/article.cls
Document Class: article 2014/09/29 v1.4h Standard LaTeX document class
(/usr/share/texlive/texmf-dist/tex/latex/base/size12.clo)) (./output.aux)

LaTeX Font Warning: Command \large invalid in math mode on input line 4.


LaTeX Font Warning: Font shape `OT1/cmr/m/n' in size <> not available
(Font)              size <5> substituted on input line 5.


LaTeX Font Warning: Font shape `OT1/cmr/m/n' in size <0.7> not available
(Font)              size <5> substituted on input line 5.


LaTeX Font Warning: Font shape `OT1/cmr/m/n' in size <0.5> not available
(Font)              size <5> substituted on input line 5.


LaTeX Font Warning: Font shape `OML/cmm/m/it' in size <> not available
(Font)              size <5> substituted on input line 5.


LaTeX Font Warning: Font shape `OML/cmm/m/it' in size <0.7> not available
(Font)              size <5> substituted on input line 5.


LaTeX Font Warning: Font shape `OML/cmm/m/it' in size <0.5> not available
(Font)              size <5> substituted on input line 5.


LaTeX Font Warning: Font shape `OMS/cmsy/m/n' in size <> not available
(Font)              size <5> substituted on input line 5.


LaTeX Font Warning: Font shape `OMS/cmsy/m/n' in size <0.7> not available
(Font)              size <5> substituted on input line 5.


LaTeX Font Warning: Font shape `OMS/cmsy/m/n' in size <0.5> not available
(Font)              size <5> substituted on input line 5.


LaTeX Font Warning: Command \large invalid in math mode on input line 8.


LaTeX Font Warning: Command \large invalid in math mode on input line 16.


Overfull \hbox (39.36496pt too wide) detected at line 17
\OML/cmm/m/it/14.4 f[]\OT1/cmr/m/n/14.4 (\OML/cmm/m/it/14.4 x\OT1/cmr/m/n/14.4 
) = [];

LaTeX Font Warning: Command \large invalid in math mode on input line 35.


LaTeX Font Warning: Command \large invalid in math mode on input line 39.


LaTeX Font Warning: Command \large invalid in math mode on input line 42.


LaTeX Font Warning: Command \large invalid in math mode on input line 46.


LaTeX Font Warning: Command \large invalid in math mode on input line 49.


Overfull \hbox (9.79274pt too wide) detected at line 50
\OML/cmm/m/it/14.4 f[]\OT1/cmr/m/n/14.4 (\OML/cmm/m/it/14.4 x\OT1/cmr/m/n/14.4 
) = [];
[1]

LaTeX Font Warning: Command \large invalid in math mode on input line 53.


Overfull \hbox (9.79274pt too wide) detected at line 54
\OML/cmm/m/it/14.4 f[]\OT1/cmr/m/n/14.4 (\OML/cmm/m/it/14.4 x\OT1/cmr/m/n/14.4 
) = [];
[2] (./output.aux)

LaTeX Font Warning: Size substitutions with differences
(Font)              up to 4.5pt have occurred.

 )
(see the transcript file for additional information)
Output written on output.dvi (2 pages, 3660 bytes).
Transcript written on output.log.
This is pdfTeX, Version 3.14159265-2.6-1.40.17 (TeX Live 2016/Debian) (preloaded format=latex)
 restricted \write18 enabled.
entering extended mode
(./output.tex
LaTeX2e <2017/01/01> patch level 3
Babel <3.9r> and hyphenation patterns for 83 language(s) loaded.
(/usr/share/texlive/texmf-dist/tex/latex/base/article.cls
Document Class: article 2014/09/29 v1.4h Standard LaTeX document class
(/usr/share/texlive/texmf-dist/tex/latex/base/size12.clo)) (./output.aux)

LaTeX Font Warning: Command \large invalid in math mode on input line 4.


LaTeX Font Warning: Font shape `OT1/cmr/m/n' in size <> not available
(Font)              size <5> substituted on input line 5.


LaTeX Font Warning: Font shape `OT1/cmr/m/n' in size <0.7> not available
(Font)              size <5> substituted on input line 5.


LaTeX Font Warning: Font shape `OT1/cmr/m/n' in size <0.5> not available
(Font)              size <5> substituted on input line 5.


LaTeX Font Warning: Font shape `OML/cmm/m/it' in size <> not available
(Font)              size <5> substituted on input line 5.


LaTeX Font Warning: Font shape `OML/cmm/m/it' in size <0.7> not available
(Font)              size <5> substituted on input line 5.


LaTeX Font Warning: Font shape `OML/cmm/m/it' in size <0.5> not available
(Font)              size <5> substituted on input line 5.


LaTeX Font Warning: Font shape `OMS/cmsy/m/n' in size <> not available
(Font)              size <5> substituted on input line 5.


LaTeX Font Warning: Font shape `OMS/cmsy/m/n' in size <0.7> not available
(Font)              size <5> substituted on input line 5.


LaTeX Font Warning: Font shape `OMS/cmsy/m/n' in size <0.5> not available
(Font)              size <5> substituted on input line 5.


LaTeX Font Warning: Command \large invalid in math mode on input line 11.


LaTeX Font Warning: Command \large invalid in math mode on input line 15.


LaTeX Font Warning: Command \large invalid in math mode on input line 21.


LaTeX Font Warning: Command \large invalid in math mode on input line 28.


LaTeX Font Warning: Command \large invalid in math mode on input line 32.


LaTeX Font Warning: Command \large invalid in math mode on input line 35.


LaTeX Font Warning: Command \large invalid in math mode on input line 39.


LaTeX Font Warning: Command \large invalid in math mode on input line 42.


LaTeX Font Warning: Command \large invalid in math mode on input line 46.

[1] (./output.aux)

LaTeX Font Warning: Size substitutions with differences
(Font)              up to 4.5pt have occurred.

 )
Output written on output.dvi (1 page, 2072 bytes).
Transcript written on output.log.
